SF:C:\Users\Лисёнка\Downloads\NetworkThreat\NetworkThreats\Services\Services.cs
FN:41,System.Threading.Tasks.Task`1<NetworkThreats.Models.Threat> NetworkThreats.Services.ThreatService::GetWithDetailsAsync(System.Int32)
FNDA:2,System.Threading.Tasks.Task`1<NetworkThreats.Models.Threat> NetworkThreats.Services.ThreatService::GetWithDetailsAsync(System.Int32)
DA:42,2
FN:44,System.Threading.Tasks.Task NetworkThreats.Services.ThreatService::CreateAsync(NetworkThreats.Models.Threat)
FNDA:1,System.Threading.Tasks.Task NetworkThreats.Services.ThreatService::CreateAsync(NetworkThreats.Models.Threat)
DA:45,1
FN:47,System.Threading.Tasks.Task NetworkThreats.Services.ThreatService::UpdateAsync(NetworkThreats.Models.Threat)
FNDA:1,System.Threading.Tasks.Task NetworkThreats.Services.ThreatService::UpdateAsync(NetworkThreats.Models.Threat)
DA:48,1
FN:50,System.Threading.Tasks.Task NetworkThreats.Services.ThreatService::DeleteAsync(System.Int32)
FNDA:1,System.Threading.Tasks.Task NetworkThreats.Services.ThreatService::DeleteAsync(System.Int32)
DA:51,1
FN:52,NetworkThreats.Models.ThreatDto NetworkThreats.Services.ThreatService::ToDto(NetworkThreats.Models.Threat)
FNDA:4,NetworkThreats.Models.ThreatDto NetworkThreats.Services.ThreatService::ToDto(NetworkThreats.Models.Threat)
DA:53,4
DA:54,4
DA:55,4
FN:16,System.Void NetworkThreats.Services.ThreatService::.ctor(NetworkThreats.Repositories.IThreatRepository)
FNDA:18,System.Void NetworkThreats.Services.ThreatService::.ctor(NetworkThreats.Repositories.IThreatRepository)
DA:17,18
FN:20,System.Void NetworkThreats.Services.ThreatService/<GetAllAsync>d__2::MoveNext()
FNDA:2,System.Void NetworkThreats.Services.ThreatService/<GetAllAsync>d__2::MoveNext()
DA:21,2
DA:22,2
DA:23,2
DA:24,2
FN:27,System.Void NetworkThreats.Services.ThreatService/<GetByCategoryAsync>d__3::MoveNext()
FNDA:1,System.Void NetworkThreats.Services.ThreatService/<GetByCategoryAsync>d__3::MoveNext()
DA:28,1
DA:29,1
DA:30,1
DA:31,1
FN:34,System.Void NetworkThreats.Services.ThreatService/<GetBySeverityAsync>d__4::MoveNext()
FNDA:1,System.Void NetworkThreats.Services.ThreatService/<GetBySeverityAsync>d__4::MoveNext()
DA:35,1
DA:36,1
DA:37,1
DA:38,1
FN:76,System.Threading.Tasks.Task`1<NetworkThreats.Models.ThreatCategory> NetworkThreats.Services.CategoryService::GetByIdAsync(System.Int32)
FNDA:2,System.Threading.Tasks.Task`1<NetworkThreats.Models.ThreatCategory> NetworkThreats.Services.CategoryService::GetByIdAsync(System.Int32)
DA:77,2
FN:79,System.Threading.Tasks.Task NetworkThreats.Services.CategoryService::CreateAsync(NetworkThreats.Models.ThreatCategory)
FNDA:1,System.Threading.Tasks.Task NetworkThreats.Services.CategoryService::CreateAsync(NetworkThreats.Models.ThreatCategory)
DA:80,1
FN:82,System.Threading.Tasks.Task NetworkThreats.Services.CategoryService::UpdateAsync(NetworkThreats.Models.ThreatCategory)
FNDA:1,System.Threading.Tasks.Task NetworkThreats.Services.CategoryService::UpdateAsync(NetworkThreats.Models.ThreatCategory)
DA:83,1
FN:85,System.Threading.Tasks.Task NetworkThreats.Services.CategoryService::DeleteAsync(System.Int32)
FNDA:1,System.Threading.Tasks.Task NetworkThreats.Services.CategoryService::DeleteAsync(System.Int32)
DA:86,1
FN:65,System.Void NetworkThreats.Services.CategoryService::.ctor(NetworkThreats.Repositories.ICategoryRepository)
FNDA:14,System.Void NetworkThreats.Services.CategoryService::.ctor(NetworkThreats.Repositories.ICategoryRepository)
DA:66,14
FN:71,NetworkThreats.Models.ThreatCategoryDto NetworkThreats.Services.CategoryService/<>c::<GetAllAsync>b__2_0(NetworkThreats.Models.ThreatCategory)
FNDA:4,NetworkThreats.Models.ThreatCategoryDto NetworkThreats.Services.CategoryService/<>c::<GetAllAsync>b__2_0(NetworkThreats.Models.ThreatCategory)
DA:72,4
DA:73,4
FN:69,System.Void NetworkThreats.Services.CategoryService/<GetAllAsync>d__2::MoveNext()
FNDA:2,System.Void NetworkThreats.Services.CategoryService/<GetAllAsync>d__2::MoveNext()
DA:70,2
DA:71,2
DA:74,2
FN:114,System.Threading.Tasks.Task`1<NetworkThreats.Models.MitigationMethod> NetworkThreats.Services.MitigationService::GetWithStepsAsync(System.Int32)
FNDA:1,System.Threading.Tasks.Task`1<NetworkThreats.Models.MitigationMethod> NetworkThreats.Services.MitigationService::GetWithStepsAsync(System.Int32)
DA:115,1
FN:118,System.Threading.Tasks.Task`1<NetworkThreats.Models.MitigationMethod> NetworkThreats.Services.MitigationService::GetFullAsync(System.Int32)
FNDA:1,System.Threading.Tasks.Task`1<NetworkThreats.Models.MitigationMethod> NetworkThreats.Services.MitigationService::GetFullAsync(System.Int32)
DA:119,1
FN:121,System.Threading.Tasks.Task NetworkThreats.Services.MitigationService::CreateAsync(NetworkThreats.Models.MitigationMethod)
FNDA:1,System.Threading.Tasks.Task NetworkThreats.Services.MitigationService::CreateAsync(NetworkThreats.Models.MitigationMethod)
DA:122,1
FN:124,System.Threading.Tasks.Task NetworkThreats.Services.MitigationService::UpdateAsync(NetworkThreats.Models.MitigationMethod)
FNDA:1,System.Threading.Tasks.Task NetworkThreats.Services.MitigationService::UpdateAsync(NetworkThreats.Models.MitigationMethod)
DA:125,1
FN:127,System.Threading.Tasks.Task NetworkThreats.Services.MitigationService::DeleteAsync(System.Int32)
FNDA:1,System.Threading.Tasks.Task NetworkThreats.Services.MitigationService::DeleteAsync(System.Int32)
DA:128,1
FN:130,NetworkThreats.Models.MitigationMethodDto NetworkThreats.Services.MitigationService::ToDto(NetworkThreats.Models.MitigationMethod)
FNDA:3,NetworkThreats.Models.MitigationMethodDto NetworkThreats.Services.MitigationService::ToDto(NetworkThreats.Models.MitigationMethod)
DA:131,3
FN:96,System.Void NetworkThreats.Services.MitigationService::.ctor(NetworkThreats.Repositories.IMitigationRepository)
FNDA:16,System.Void NetworkThreats.Services.MitigationService::.ctor(NetworkThreats.Repositories.IMitigationRepository)
DA:97,16
FN:100,System.Void NetworkThreats.Services.MitigationService/<GetAllAsync>d__2::MoveNext()
FNDA:2,System.Void NetworkThreats.Services.MitigationService/<GetAllAsync>d__2::MoveNext()
DA:101,2
DA:102,2
DA:103,2
DA:104,2
FN:107,System.Void NetworkThreats.Services.MitigationService/<GetByTypeAsync>d__3::MoveNext()
FNDA:1,System.Void NetworkThreats.Services.MitigationService/<GetByTypeAsync>d__3::MoveNext()
DA:108,1
DA:109,1
DA:110,1
DA:111,1
FN:187,System.Boolean NetworkThreats.Services.ThreatAnalyzerService::IsMatch(System.String,NetworkThreats.Models.ThreatIndicator)
FNDA:18,System.Boolean NetworkThreats.Services.ThreatAnalyzerService::IsMatch(System.String,NetworkThreats.Models.ThreatIndicator)
DA:188,18
DA:189,18
DA:190,3
DA:191,15
DA:192,18
BRDA:188,22,1,3
BRDA:188,22,0,15
FN:194,System.Boolean NetworkThreats.Services.ThreatAnalyzerService::TryRegex(System.String,System.String)
FNDA:3,System.Boolean NetworkThreats.Services.ThreatAnalyzerService::TryRegex(System.String,System.String)
DA:195,3
DA:196,6
DA:197,3
DA:198,3
FN:199,System.String NetworkThreats.Services.ThreatAnalyzerService::TypeLabel(System.String)
FNDA:16,System.String NetworkThreats.Services.ThreatAnalyzerService::TypeLabel(System.String)
DA:200,16
DA:201,16
DA:202,13
DA:203,2
DA:204,0
DA:205,1
DA:206,0
DA:207,0
DA:208,0
DA:209,16
BRDA:200,15,0,3
BRDA:200,28,0,1
BRDA:200,41,0,1
BRDA:200,54,0,0
BRDA:200,67,0,0
BRDA:200,15,1,13
BRDA:200,28,1,2
BRDA:200,41,1,0
BRDA:200,54,1,1
BRDA:200,67,1,0
BRDA:200,80,1,0
BRDA:200,80,0,0
FN:210,System.Int32 NetworkThreats.Services.ThreatAnalyzerService::ConfidenceOrder(System.String)
FNDA:26,System.Int32 NetworkThreats.Services.ThreatAnalyzerService::ConfidenceOrder(System.String)
DA:211,26
BRDA:211,15,0,11
BRDA:211,15,1,2
BRDA:211,28,1,10
BRDA:211,28,0,1
FN:211,System.Int32 NetworkThreats.Services.ThreatAnalyzerService::SeverityOrder(System.String)
FNDA:26,System.Int32 NetworkThreats.Services.ThreatAnalyzerService::SeverityOrder(System.String)
DA:212,26
BRDA:212,15,0,11
BRDA:212,28,0,2
BRDA:212,15,1,2
BRDA:212,28,1,9
BRDA:212,41,1,0
BRDA:212,41,0,2
FN:141,System.Void NetworkThreats.Services.ThreatAnalyzerService::.ctor(NetworkThreats.Repositories.IIndicatorRepository)
FNDA:32,System.Void NetworkThreats.Services.ThreatAnalyzerService::.ctor(NetworkThreats.Repositories.IIndicatorRepository)
DA:142,32
FN:168,NetworkThreats.Models.MatchedThreatDto NetworkThreats.Services.ThreatAnalyzerService/<>c::<AnalyzeAsync>b__2_0(System.ValueTuple`2<NetworkThreats.Models.Threat,System.Collections.Generic.List`1<NetworkThreats.Models.MatchedIndicatorDto>>)
FNDA:13,NetworkThreats.Models.MatchedThreatDto NetworkThreats.Services.ThreatAnalyzerService/<>c::<AnalyzeAsync>b__2_0(System.ValueTuple`2<NetworkThreats.Models.Threat,System.Collections.Generic.List`1<NetworkThreats.Models.MatchedIndicatorDto>>)
DA:169,13
DA:170,29
DA:171,25
DA:172,13
DA:173,13
DA:174,13
DA:175,13
DA:176,13
DA:177,13
DA:178,13
DA:179,13
BRDA:170,43,0,11
BRDA:170,87,0,1
BRDA:170,87,1,10
BRDA:170,43,1,2
FN:179,System.Int32 NetworkThreats.Services.ThreatAnalyzerService/<>c::<AnalyzeAsync>b__2_1(NetworkThreats.Models.MatchedThreatDto)
FNDA:13,System.Int32 NetworkThreats.Services.ThreatAnalyzerService/<>c::<AnalyzeAsync>b__2_1(NetworkThreats.Models.MatchedThreatDto)
DA:180,13
FN:180,System.Int32 NetworkThreats.Services.ThreatAnalyzerService/<>c::<AnalyzeAsync>b__2_2(NetworkThreats.Models.MatchedThreatDto)
FNDA:13,System.Int32 NetworkThreats.Services.ThreatAnalyzerService/<>c::<AnalyzeAsync>b__2_2(NetworkThreats.Models.MatchedThreatDto)
DA:181,13
FN:145,System.Void NetworkThreats.Services.ThreatAnalyzerService/<AnalyzeAsync>d__2::MoveNext()
FNDA:16,System.Void NetworkThreats.Services.ThreatAnalyzerService/<AnalyzeAsync>d__2::MoveNext()
DA:146,16
DA:147,16
DA:148,2
DA:150,14
DA:152,14
DA:154,78
DA:155,18
DA:156,20
DA:158,16
DA:159,13
DA:161,16
DA:162,16
DA:163,16
DA:164,16
DA:165,16
DA:166,16
DA:168,14
DA:182,14
DA:184,14
DA:185,16
BRDA:147,28,0,2
BRDA:147,28,1,14
BRDA:154,448,1,18
BRDA:156,260,1,16
BRDA:158,296,0,13
BRDA:158,296,1,16
BRDA:156,260,0,32
BRDA:154,448,0,14
FN:272,System.String NetworkThreats.Services.FileAnalyzerService::ComputeSha256(System.Byte[])
FNDA:12,System.String NetworkThreats.Services.FileAnalyzerService::ComputeSha256(System.Byte[])
DA:273,12
FN:275,System.String NetworkThreats.Services.FileAnalyzerService::ComputeMd5(System.Byte[])
FNDA:12,System.String NetworkThreats.Services.FileAnalyzerService::ComputeMd5(System.Byte[])
DA:276,12
FN:278,System.Collections.Generic.List`1<System.String> NetworkThreats.Services.FileAnalyzerService::ExtractStrings(System.Byte[],System.Int32)
FNDA:12,System.Collections.Generic.List`1<System.String> NetworkThreats.Services.FileAnalyzerService::ExtractStrings(System.Byte[],System.Int32)
DA:279,12
DA:280,12
DA:281,12
DA:282,5586
DA:283,2775
DA:284,2775
DA:285,2772
DA:286,2772
DA:287,2772
DA:289,3
DA:290,3
DA:291,3
DA:292,3
DA:293,2775
DA:294,23
DA:295,12
DA:296,12
BRDA:282,109,1,2775
BRDA:284,30,0,2772
BRDA:284,30,1,3
BRDA:284,45,0,2772
BRDA:284,45,1,3
BRDA:290,77,0,0
BRDA:290,77,1,3
BRDA:282,109,0,12
BRDA:294,127,0,11
BRDA:294,127,1,12
FN:298,System.Boolean NetworkThreats.Services.FileAnalyzerService::TryRegex(System.String,System.String)
FNDA:1,System.Boolean NetworkThreats.Services.FileAnalyzerService::TryRegex(System.String,System.String)
DA:299,1
DA:300,2
DA:301,0
DA:302,1
FN:223,System.Void NetworkThreats.Services.FileAnalyzerService::.ctor(NetworkThreats.Repositories.IKnownHashRepository,NetworkThreats.Repositories.IFileHeuristicRepository)
FNDA:12,System.Void NetworkThreats.Services.FileAnalyzerService::.ctor(NetworkThreats.Repositories.IKnownHashRepository,NetworkThreats.Repositories.IFileHeuristicRepository)
DA:224,12
DA:225,12
DA:226,12
DA:227,12
DA:228,12
FN:256,System.Boolean NetworkThreats.Services.FileAnalyzerService/<>c::<AnalyzeFileAsync>b__3_0(NetworkThreats.Models.HeuristicFindingDto)
FNDA:4,System.Boolean NetworkThreats.Services.FileAnalyzerService/<>c::<AnalyzeFileAsync>b__3_0(NetworkThreats.Models.HeuristicFindingDto)
DA:257,4
FN:257,System.Boolean NetworkThreats.Services.FileAnalyzerService/<>c::<AnalyzeFileAsync>b__3_1(NetworkThreats.Models.HeuristicFindingDto)
FNDA:2,System.Boolean NetworkThreats.Services.FileAnalyzerService/<>c::<AnalyzeFileAsync>b__3_1(NetworkThreats.Models.HeuristicFindingDto)
DA:258,2
FN:258,System.Boolean NetworkThreats.Services.FileAnalyzerService/<>c::<AnalyzeFileAsync>b__3_2(NetworkThreats.Models.HeuristicFindingDto)
FNDA:1,System.Boolean NetworkThreats.Services.FileAnalyzerService/<>c::<AnalyzeFileAsync>b__3_2(NetworkThreats.Models.HeuristicFindingDto)
DA:259,1
FN:231,System.Void NetworkThreats.Services.FileAnalyzerService/<AnalyzeFileAsync>d__3::MoveNext()
FNDA:12,System.Void NetworkThreats.Services.FileAnalyzerService/<AnalyzeFileAsync>d__3::MoveNext()
DA:232,12
DA:233,12
DA:234,12
DA:236,12
DA:237,12
DA:239,12
DA:240,12
DA:242,12
DA:243,12
DA:245,44
DA:246,4
DA:247,4
DA:248,4
DA:249,4
DA:251,4
DA:252,4
DA:253,4
DA:255,12
DA:256,12
DA:260,12
DA:262,12
DA:263,12
DA:264,12
DA:265,12
DA:266,12
DA:267,12
DA:268,12
DA:269,12
DA:270,12
BRDA:236,209,0,11
BRDA:236,209,1,12
BRDA:245,772,1,4
BRDA:247,626,0,3
BRDA:247,626,1,1
BRDA:251,690,0,4
BRDA:251,690,1,4
BRDA:245,772,0,12
BRDA:255,818,0,10
BRDA:255,818,1,2
BRDA:256,847,0,10
BRDA:256,847,1,2
BRDA:256,859,0,10
BRDA:256,907,0,9
BRDA:256,954,0,8
BRDA:256,998,0,7
BRDA:256,1011,0,7
BRDA:256,1011,1,0
BRDA:256,998,1,1
BRDA:256,954,1,1
BRDA:256,907,1,1
BRDA:256,859,1,12
FN:314,System.Void NetworkThreats.Services.SearchService::.ctor(NetworkThreats.Repositories.IThreatRepository,NetworkThreats.Repositories.ICategoryRepository,NetworkThreats.Repositories.IMitigationRepository)
FNDA:9,System.Void NetworkThreats.Services.SearchService::.ctor(NetworkThreats.Repositories.IThreatRepository,NetworkThreats.Repositories.ICategoryRepository,NetworkThreats.Repositories.IMitigationRepository)
DA:315,9
DA:316,9
DA:317,9
DA:318,9
DA:319,9
DA:320,9
DA:321,9
DA:322,9
DA:323,9
FN:333,NetworkThreats.Models.SearchResultDto NetworkThreats.Services.SearchService/<>c::<SearchAsync>b__4_0(NetworkThreats.Models.Threat)
FNDA:11,NetworkThreats.Models.SearchResultDto NetworkThreats.Services.SearchService/<>c::<SearchAsync>b__4_0(NetworkThreats.Models.Threat)
DA:334,11
DA:335,11
DA:336,11
FN:338,NetworkThreats.Models.SearchResultDto NetworkThreats.Services.SearchService/<>c::<SearchAsync>b__4_1(NetworkThreats.Models.ThreatCategory)
FNDA:8,NetworkThreats.Models.SearchResultDto NetworkThreats.Services.SearchService/<>c::<SearchAsync>b__4_1(NetworkThreats.Models.ThreatCategory)
DA:339,8
DA:340,8
DA:341,8
FN:343,NetworkThreats.Models.SearchResultDto NetworkThreats.Services.SearchService/<>c::<SearchAsync>b__4_2(NetworkThreats.Models.MitigationMethod)
FNDA:8,NetworkThreats.Models.SearchResultDto NetworkThreats.Services.SearchService/<>c::<SearchAsync>b__4_2(NetworkThreats.Models.MitigationMethod)
DA:344,8
DA:345,8
DA:346,8
FN:326,System.Void NetworkThreats.Services.SearchService/<SearchAsync>d__4::MoveNext()
FNDA:9,System.Void NetworkThreats.Services.SearchService/<SearchAsync>d__4::MoveNext()
DA:327,9
DA:328,9
DA:329,3
DA:331,6
DA:333,6
DA:338,6
DA:343,6
DA:348,6
DA:349,9
BRDA:328,53,0,3
BRDA:328,53,1,6
LF:187
LH:182
BRF:70
BRH:61
FNF:49
FNH:49
end_of_record